<?xml version="1.0" encoding="UTF-8"?>
<!-- Generated by org.testng.reporters.JUnitXMLReporter -->
<testsuite ignored="0" hostname="LTIN276086" failures="0" tests="8" name="Default test" time="29.585" errors="0" timestamp="2022-03-25T08:35:43 IST">
  <testcase classname="com.page.object.model.LoginPageTestClass" name="checkUserIsOnOrangeHRM" time="28.146"/>
  <testcase classname="com.page.object.model.LoginPageTestClass" name="checkUserNameInputIsDisplayed" time="0.021"/>
  <testcase classname="com.page.object.model.LoginPageTestClass" name="checkUserNameInputIsClickable" time="0.311"/>
  <testcase classname="com.page.object.model.LoginPageTestClass" name="checkUserNameInputIsWritable" time="0.172"/>
  <testcase classname="com.page.object.model.LoginPageTestClass" name="checkUserPasswordInputIsDisplayed" time="0.264"/>
  <testcase classname="com.page.object.model.LoginPageTestClass" name="checkUserPasswordInputIsClickable" time="0.161"/>
  <testcase classname="com.page.object.model.LoginPageTestClass" name="checkUserPasswordInputIsWritable" time="0.121"/>
  <testcase classname="com.page.object.model.LoginPageTestClass" name="checkLoginBtnIsDisplayed" time="0.117"/>
</testsuite> <!-- Default test -->
