<?xml version="1.0" encoding="UTF-8"?>
<!-- Generated by org.testng.reporters.JUnitXMLReporter -->
<testsuite ignored="0" hostname="LTIN276086" failures="0" tests="20" name="Test" time="17.198" errors="0" timestamp="2022-03-26T11:06:41 IST">
  <testcase classname="com.orange.hrm.test.Pages.LoginPageTest" name="checkUserIsOnOrangeHRM" time="11.929"/>
  <testcase classname="com.orange.hrm.test.Pages.LoginPageTest" name="checkUserNameInputIsDisplayed" time="0.016"/>
  <testcase classname="com.orange.hrm.test.Pages.LoginPageTest" name="checkUserNameInputIsClickable" time="0.127"/>
  <testcase classname="com.orange.hrm.test.Pages.LoginPageTest" name="checkUserNameInputIsWritable" time="0.099"/>
  <testcase classname="com.orange.hrm.test.Pages.LoginPageTest" name="checkUserPasswordInputIsDisplayed" time="0.134"/>
  <testcase classname="com.orange.hrm.test.Pages.LoginPageTest" name="checkUserPasswordInputIsClickable" time="0.123"/>
  <testcase classname="com.orange.hrm.test.Pages.LoginPageTest" name="checkUserPasswordInputIsWritable" time="0.102"/>
  <testcase classname="com.orange.hrm.test.Pages.LoginPageTest" name="checkLoginBtnIsDisplayed" time="0.07"/>
  <testcase classname="com.orange.hrm.test.Pages.LoginPageTest" name="checkLoginBtnIsClickable" time="3.765"/>
  <testcase classname="com.orange.hrm.test.Pages.UserLandingPageTest" name="checktitleIsDisplayed" time="0.086"/>
  <testcase classname="com.orange.hrm.test.Pages.UserLandingPageTest" name="checkUserNameIsDisplayed" time="0.067"/>
  <testcase classname="com.orange.hrm.test.Pages.UserLandingPageTest" name="checkadminMenuDisplayed" time="0.066"/>
  <testcase classname="com.orange.hrm.test.Pages.UserLandingPageTest" name="checkpimMenuDisplyed" time="0.056"/>
  <testcase classname="com.orange.hrm.test.Pages.UserLandingPageTest" name="checkTimeMenuIsDisplayed" time="0.064"/>
  <testcase classname="com.orange.hrm.test.Pages.UserLandingPageTest" name="checkrecrutmentMenuIsDisplayed" time="0.06"/>
  <testcase classname="com.orange.hrm.test.Pages.UserLandingPageTest" name="checkmyInfoMenuDisplyed" time="0.05"/>
  <testcase classname="com.orange.hrm.test.Pages.UserLandingPageTest" name="checkperformanceMenuIsDisplayed" time="0.05"/>
  <testcase classname="com.orange.hrm.test.Pages.UserLandingPageTest" name="checkdirectoryMenuIsDisplayed" time="0.052"/>
  <testcase classname="com.orange.hrm.test.Pages.UserLandingPageTest" name="checkmaintanceMenuIsDisplayed" time="0.049"/>
  <testcase classname="com.orange.hrm.test.Pages.UserLandingPageTest" name="checkbuzzMenuIsDisplayed" time="0.05"/>
</testsuite> <!-- Test -->
