<?xml version="1.0" encoding="UTF-8"?>
<testng-results ignored="0" total="10" passed="9" failed="1" skipped="0">
  <reporter-output>
  </reporter-output>
  <suite started-at="2022-03-25T15:56:39 IST" name="Suite" finished-at="2022-03-25T15:58:14 IST" duration-ms="94840">
    <groups>
    </groups>
    <test started-at="2022-03-25T15:56:39 IST" name="Test" finished-at="2022-03-25T15:58:14 IST" duration-ms="94840">
      <class name="com.page.object.model.HomePageTestClass">
        <test-method signature="checkUserLogin()[pri:1, instance:com.page.object.model.HomePageTestClass@2ed2d9cb]" started-at="2022-03-25T15:57:02 IST" name="checkUserLogin" finished-at="2022-03-25T15:58:14 IST" duration-ms="72463" status="FAIL">
          <exception class="org.openqa.selenium.NoSuchElementException">
            <message>
              <![CDATA[Unable to find element with locator By.id: welcome
For documentation on this error, please visit: https://selenium.dev/exceptions/#no_such_element
Build info: version: '4.0.0', revision: '3a21814679'
System info: host: 'LTIN276086', ip: '192.168.1.6', os.name: 'Windows 10', os.arch: 'amd64', os.version: '10.0', java.version: '17.0.1'
Driver info: driver.version: RemoteWebDriver]]>
            </message>
            <full-stacktrace>
              <![CDATA[org.openqa.selenium.NoSuchElementException: Unable to find element with locator By.id: welcome
For documentation on this error, please visit: https://selenium.dev/exceptions/#no_such_element
Build info: version: '4.0.0', revision: '3a21814679'
System info: host: 'LTIN276086', ip: '192.168.1.6', os.name: 'Windows 10', os.arch: 'amd64', os.version: '10.0', java.version: '17.0.1'
Driver info: driver.version: RemoteWebDriver
at org.openqa.selenium.remote.ElementLocation$ElementFinder$2.findElement(ElementLocation.java:165)
at org.openqa.selenium.remote.ElementLocation.findElement(ElementLocation.java:60)
at org.openqa.selenium.remote.RemoteWebDriver.findElement(RemoteWebDriver.java:383)
at org.openqa.selenium.remote.RemoteWebDriver.findElement(RemoteWebDriver.java:375)
at org.openqa.selenium.support.pagefactory.DefaultElementLocator.findElement(DefaultElementLocator.java:70)
at org.openqa.selenium.support.pagefactory.internal.LocatingElementHandler.invoke(LocatingElementHandler.java:39)
at jdk.proxy2/jdk.proxy2.$Proxy14.getText(Unknown Source)
at com.page.object.pages.HomePageClass.getuserName(HomePageClass.java:19)
at com.page.object.model.HomePageTestClass.checkUserLogin(HomePageTestClass.java:12)
at java.base/jdk.internal.reflect.NativeMethodAccessorImpl.invoke0(Native Method)
at java.base/jdk.internal.reflect.NativeMethodAccessorImpl.invoke(NativeMethodAccessorImpl.java:77)
at java.base/jdk.internal.reflect.DelegatingMethodAccessorImpl.invoke(DelegatingMethodAccessorImpl.java:43)
at java.base/java.lang.reflect.Method.invoke(Method.java:568)
at org.testng.internal.MethodInvocationHelper.invokeMethod(MethodInvocationHelper.java:133)
at org.testng.internal.TestInvoker.invokeMethod(TestInvoker.java:598)
at org.testng.internal.TestInvoker.invokeTestMethod(TestInvoker.java:173)
at org.testng.internal.MethodRunner.runInSequence(MethodRunner.java:46)
at org.testng.internal.TestInvoker$MethodInvocationAgent.invoke(TestInvoker.java:824)
at org.testng.internal.TestInvoker.invokeTestMethods(TestInvoker.java:146)
at org.testng.internal.TestMethodWorker.invokeTestMethods(TestMethodWorker.java:146)
at org.testng.internal.TestMethodWorker.run(TestMethodWorker.java:128)
at java.base/java.util.ArrayList.forEach(ArrayList.java:1511)
at org.testng.TestRunner.privateRun(TestRunner.java:794)
at org.testng.TestRunner.run(TestRunner.java:596)
at org.testng.SuiteRunner.runTest(SuiteRunner.java:377)
at org.testng.SuiteRunner.runSequentially(SuiteRunner.java:371)
at org.testng.SuiteRunner.privateRun(SuiteRunner.java:332)
at org.testng.SuiteRunner.run(SuiteRunner.java:276)
at org.testng.SuiteRunnerWorker.runSuite(SuiteRunnerWorker.java:53)
at org.testng.SuiteRunnerWorker.run(SuiteRunnerWorker.java:96)
at org.testng.TestNG.runSuitesSequentially(TestNG.java:1212)
at org.testng.TestNG.runSuitesLocally(TestNG.java:1134)
at org.testng.TestNG.runSuites(TestNG.java:1063)
at org.testng.TestNG.run(TestNG.java:1031)
at org.testng.remote.AbstractRemoteTestNG.run(AbstractRemoteTestNG.java:115)
at org.testng.remote.RemoteTestNG.initAndRun(RemoteTestNG.java:251)
at org.testng.remote.RemoteTestNG.main(RemoteTestNG.java:77)
]]>
            </full-stacktrace>
          </exception> <!-- org.openqa.selenium.NoSuchElementException -->
          <reporter-output>
          </reporter-output>
        </test-method> <!-- checkUserLogin -->
      </class> <!-- com.page.object.model.HomePageTestClass -->
      <class name="com.page.object.model.LoginPageTestClass">
        <test-method signature="checkUserIsOnOrangeHRM()[pri:1, instance:com.page.object.model.LoginPageTestClass@2f217633]" started-at="2022-03-25T15:56:39 IST" name="checkUserIsOnOrangeHRM" finished-at="2022-03-25T15:56:58 IST" duration-ms="18922" status="PASS">
          <reporter-output>
          </reporter-output>
        </test-method> <!-- checkUserIsOnOrangeHRM -->
        <test-method signature="checkUserNameInputIsDisplayed()[pri:2, instance:com.page.object.model.LoginPageTestClass@2f217633]" started-at="2022-03-25T15:56:58 IST" name="checkUserNameInputIsDisplayed" finished-at="2022-03-25T15:56:58 IST" duration-ms="24" status="PASS">
          <reporter-output>
          </reporter-output>
        </test-method> <!-- checkUserNameInputIsDisplayed -->
        <test-method signature="checkUserNameInputIsClickable()[pri:3, instance:com.page.object.model.LoginPageTestClass@2f217633]" started-at="2022-03-25T15:56:58 IST" name="checkUserNameInputIsClickable" finished-at="2022-03-25T15:56:59 IST" duration-ms="280" status="PASS">
          <reporter-output>
          </reporter-output>
        </test-method> <!-- checkUserNameInputIsClickable -->
        <test-method signature="checkUserNameInputIsWritable()[pri:4, instance:com.page.object.model.LoginPageTestClass@2f217633]" started-at="2022-03-25T15:56:59 IST" name="checkUserNameInputIsWritable" finished-at="2022-03-25T15:56:59 IST" duration-ms="233" status="PASS">
          <reporter-output>
          </reporter-output>
        </test-method> <!-- checkUserNameInputIsWritable -->
        <test-method signature="checkUserPasswordInputIsDisplayed()[pri:5, instance:com.page.object.model.LoginPageTestClass@2f217633]" started-at="2022-03-25T15:56:59 IST" name="checkUserPasswordInputIsDisplayed" finished-at="2022-03-25T15:56:59 IST" duration-ms="270" status="PASS">
          <reporter-output>
          </reporter-output>
        </test-method> <!-- checkUserPasswordInputIsDisplayed -->
        <test-method signature="checkUserPasswordInputIsClickable()[pri:6, instance:com.page.object.model.LoginPageTestClass@2f217633]" started-at="2022-03-25T15:56:59 IST" name="checkUserPasswordInputIsClickable" finished-at="2022-03-25T15:56:59 IST" duration-ms="212" status="PASS">
          <reporter-output>
          </reporter-output>
        </test-method> <!-- checkUserPasswordInputIsClickable -->
        <test-method signature="checkUserPasswordInputIsWritable()[pri:7, instance:com.page.object.model.LoginPageTestClass@2f217633]" started-at="2022-03-25T15:56:59 IST" name="checkUserPasswordInputIsWritable" finished-at="2022-03-25T15:57:00 IST" duration-ms="160" status="PASS">
          <reporter-output>
          </reporter-output>
        </test-method> <!-- checkUserPasswordInputIsWritable -->
        <test-method signature="checkLoginBtnIsDisplayed()[pri:8, instance:com.page.object.model.LoginPageTestClass@2f217633]" started-at="2022-03-25T15:57:00 IST" name="checkLoginBtnIsDisplayed" finished-at="2022-03-25T15:57:00 IST" duration-ms="153" status="PASS">
          <reporter-output>
          </reporter-output>
        </test-method> <!-- checkLoginBtnIsDisplayed -->
        <test-method signature="checkLoginBtnIsClickable()[pri:9, instance:com.page.object.model.LoginPageTestClass@2f217633]" started-at="2022-03-25T15:57:00 IST" name="checkLoginBtnIsClickable" finished-at="2022-03-25T15:57:02 IST" duration-ms="1802" status="PASS">
          <reporter-output>
          </reporter-output>
        </test-method> <!-- checkLoginBtnIsClickable -->
      </class> <!-- com.page.object.model.LoginPageTestClass -->
    </test> <!-- Test -->
  </suite> <!-- Suite -->
</testng-results>
